<?xml version="1.0" encoding="UTF-8"?>
<!-- Generated by org.testng.reporters.JUnitReportReporter -->
<testsuite hostname="DESKTOP-8B3DF1Q" failures="0" tests="1" name="com.tutorialsninja.qa.testcases.LoginTest" time="9.637" errors="0" timestamp="2024-07-22T10:40:09 IST" skipped="0">
  <testcase classname="com.tutorialsninja.qa.testcases.LoginTest" name="verifyLoginWithInvalidCrediantial" time="9.637"/>
</testsuite> <!-- com.tutorialsninja.qa.testcases.LoginTest -->
