<?xml version="1.0" encoding="UTF-8"?>
<!-- Generated by org.testng.reporters.JUnitReportReporter -->
<testsuite hostname="DESKTOP-8B3DF1Q" failures="0" tests="1" name="com.tutorialsninja.qa.testcases.LoginTest" time="7.675" errors="0" timestamp="2024-07-17T16:00:27 IST" skipped="0">
  <testcase classname="com.tutorialsninja.qa.testcases.LoginTest" name="verifyLoginWithInvalidCrediantial" time="7.675"/>
</testsuite> <!-- com.tutorialsninja.qa.testcases.LoginTest -->
