<?xml version="1.0" encoding="UTF-8"?>
<!-- Generated by org.testng.reporters.JUnitReportReporter -->
<testsuite hostname="DESKTOP-8B3DF1Q" failures="0" tests="1" name="com.tutorialsninja.qa.testcases.AccountPageTest" time="7.643" errors="0" timestamp="2024-07-22T13:10:13 IST" skipped="0">
  <testcase classname="com.tutorialsninja.qa.testcases.AccountPageTest" name="verifyUpdateInformationWithFirstandLastName" time="7.643"/>
</testsuite> <!-- com.tutorialsninja.qa.testcases.AccountPageTest -->
